<?xml version="1.0" encoding="UTF-8"?>
<testng-results ignored="0" total="1" passed="1" failed="0" skipped="0">
  <reporter-output>
    <line>
      <![CDATA[Stock-000002641   Stock-000002641]]>
    </line>
  </reporter-output>
  <suite started-at="2024-08-14T11:53:46 CEST" name="Surefire suite" finished-at="2024-08-14T11:55:09 CEST" duration-ms="83633">
    <groups>
    </groups>
    <test started-at="2024-08-14T11:53:46 CEST" name="Surefire test" finished-at="2024-08-14T11:55:09 CEST" duration-ms="83633">
      <class name="driverFactory.AppTest">
        <test-method signature="kickStart()[pri:0, instance:driverFactory.AppTest@120f102b]" started-at="2024-08-14T11:53:46 CEST" name="kickStart" finished-at="2024-08-14T11:55:09 CEST" duration-ms="83539" status="PASS">
          <reporter-output>
            <line>
              <![CDATA[Stock-000002641   Stock-000002641]]>
            </line>
          </reporter-output>
        </test-method> <!-- kickStart -->
      </class> <!-- driverFactory.AppTest -->
    </test> <!-- Surefire test -->
  </suite> <!-- Surefire suite -->
</testng-results>
